2018-05-14 18:15:51 [-][-][-][error][Error] Error: Class 'app\models\User' not found in C:\xampp\htdocs\panio\vendor\vmorozov\yii2-entrust\migrations\m170223_121045_create_entrust_tables.php:18
Stack trace:
#0 C:\xampp\htdocs\panio\vendor\yiisoft\yii2\base\BaseObject.php(109): m170223_121045_create_entrust_tables->init()
#1 [internal function]: yii\base\BaseObject->__construct(Array)
#2 C:\xampp\htdocs\panio\vendor\yiisoft\yii2\di\Container.php(383): ReflectionClass->newInstanceArgs(Array)
#3 C:\xampp\htdocs\panio\vendor\yiisoft\yii2\di\Container.php(156): yii\di\Container->build('m170223_121045_...', Array, Array)
#4 C:\xampp\htdocs\panio\vendor\yiisoft\yii2\BaseYii.php(349): yii\di\Container->get('m170223_121045_...', Array, Array)
#5 C:\xampp\htdocs\panio\vendor\yiisoft\yii2\console\controllers\MigrateController.php(201): yii\BaseYii::createObject(Array)
#6 C:\xampp\htdocs\panio\vendor\yiisoft\yii2\console\controllers\BaseMigrateController.php(724): yii\console\controllers\MigrateController->createMigration('m170223_121045_...')
#7 C:\xampp\htdocs\panio\vendor\yiisoft\yii2\console\controllers\BaseMigrateController.php(199): yii\console\controllers\BaseMigrateController->migrateUp('m170223_121045_...')
#8 [internal function]: yii\console\controllers\BaseMigrateController->actionUp(0)
#9 C:\xampp\htdocs\panio\vendor\yiisoft\yii2\base\InlineAction.php(57): call_user_func_array(Array, Array)
#10 C:\xampp\htdocs\panio\vendor\yiisoft\yii2\base\Controller.php(157): yii\base\InlineAction->runWithParams(Array)
#11 C:\xampp\htdocs\panio\vendor\yiisoft\yii2\console\Controller.php(148): yii\base\Controller->runAction('up', Array)
#12 C:\xampp\htdocs\panio\vendor\yiisoft\yii2\base\Module.php(528): yii\console\Controller->runAction('up', Array)
#13 C:\xampp\htdocs\panio\vendor\yiisoft\yii2\console\Application.php(180): yii\base\Module->runAction('migrate/up', Array)
#14 C:\xampp\htdocs\panio\vendor\yiisoft\yii2\console\Application.php(147): yii\console\Application->runAction('migrate/up', Array)
#15 C:\xampp\htdocs\panio\vendor\yiisoft\yii2\base\Application.php(386): yii\console\Application->handleRequest(Object(yii\console\Request))
#16 C:\xampp\htdocs\panio\yii(23): yii\base\Application->run()
#17 {main}
2018-05-14 18:15:47 [-][-][-][info][application] $_GET = []

$_POST = []

$_FILES = []

$_COOKIE = []

$_SERVER = [
    'ALLUSERSPROFILE' => 'C:\\ProgramData'
    'APPDATA' => 'C:\\Users\\mati\\AppData\\Roaming'
    'CommonProgramFiles' => 'C:\\Program Files (x86)\\Common Files'
    'CommonProgramFiles(x86)' => 'C:\\Program Files (x86)\\Common Files'
    'CommonProgramW6432' => 'C:\\Program Files\\Common Files'
    'COMPUTERNAME' => 'MATI-PC'
    'ComSpec' => 'C:\\WINDOWS\\system32\\cmd.exe'
    'FP_NO_HOST_CHECK' => 'NO'
    'HOMEDRIVE' => 'C:'
    'HOMEPATH' => '\\Users\\mati'
    'LOCALAPPDATA' => 'C:\\Users\\mati\\AppData\\Local'
    'LOGONSERVER' => '\\\\MATI-PC'
    'NUMBER_OF_PROCESSORS' => '4'
    'OneDrive' => 'C:\\Users\\mati\\OneDrive'
    'OS' => 'Windows_NT'
    'Path' => 'C:\\Program Files (x86)\\Intel\\iCLS Client\\;C:\\Program Files\\Intel\\iCLS Client\\;C:\\WINDOWS\\system32;C:\\WINDOWS;C:\\WINDOWS\\System32\\Wbem;C:\\WINDOWS\\System32\\WindowsPowerShell\\v1.0\\;C:\\Program Files (x86)\\Intel\\UCRT\\;C:\\Program Files\\Intel\\UCRT\\;C:\\Program Files (x86)\\Intel\\Intel(R) Management Engine Components\\DAL;C:\\Program Files\\Intel\\Intel(R) Management Engine Components\\DAL;C:\\Program Files (x86)\\Intel\\Intel(R) Management Engine Components\\IPT;C:\\Program Files\\Intel\\Intel(R) Management Engine Components\\IPT;C:\\Program Files\\Intel\\WiFi\\bin\\;C:\\Program Files\\Common Files\\Intel\\WirelessCommon\\;C:\\xampp\\php;C:\\ProgramData\\ComposerSetup\\bin;C:\\Users\\mati\\AppData\\Local\\Microsoft\\WindowsApps;C:\\Users\\mati\\AppData\\Roaming\\Composer\\vendor\\bin'
    'PATHEXT' => '.COM;.EXE;.BAT;.CMD;.VBS;.VBE;.JS;.JSE;.WSF;.WSH;.MSC'
    'PROCESSOR_ARCHITECTURE' => 'x86'
    'PROCESSOR_ARCHITEW6432' => 'AMD64'
    'PROCESSOR_IDENTIFIER' => 'Intel64 Family 6 Model 60 Stepping 3, GenuineIntel'
    'PROCESSOR_LEVEL' => '6'
    'PROCESSOR_REVISION' => '3c03'
    'ProgramData' => 'C:\\ProgramData'
    'ProgramFiles' => 'C:\\Program Files (x86)'
    'ProgramFiles(x86)' => 'C:\\Program Files (x86)'
    'ProgramW6432' => 'C:\\Program Files'
    'PROMPT' => '$P$G'
    'PSModulePath' => 'C:\\WINDOWS\\system32\\WindowsPowerShell\\v1.0\\Modules\\;C:\\Program Files\\Intel\\'
    'PUBLIC' => 'C:\\Users\\Public'
    'SESSIONNAME' => 'Console'
    'SystemDrive' => 'C:'
    'SystemRoot' => 'C:\\WINDOWS'
    'TEMP' => 'C:\\Users\\mati\\AppData\\Local\\Temp'
    'TMP' => 'C:\\Users\\mati\\AppData\\Local\\Temp'
    'USERDOMAIN' => 'mati-PC'
    'USERDOMAIN_ROAMINGPROFILE' => 'mati-PC'
    'USERNAME' => 'mati'
    'USERPROFILE' => 'C:\\Users\\mati'
    'windir' => 'C:\\WINDOWS'
    'windows_tracing_flags' => '3'
    'windows_tracing_logfile' => 'C:\\BVTBin\\Tests\\installpackage\\csilogfile.log'
    'PHP_SELF' => 'yii'
    'SCRIPT_NAME' => 'yii'
    'SCRIPT_FILENAME' => 'yii'
    'PATH_TRANSLATED' => 'yii'
    'DOCUMENT_ROOT' => ''
    'REQUEST_TIME_FLOAT' => 1526314547.0842
    'REQUEST_TIME' => 1526314547
    'argv' => [
        0 => 'yii'
        1 => 'migrate/up'
        2 => '--migrationPath=@vendor/vmorozov/yii2-entrust/migrations'
    ]
    'argc' => 3
]
2018-05-14 18:18:34 [-][-][-][error][Error] Error: Class 'app\models\User' not found in C:\xampp\htdocs\panio\vendor\vmorozov\yii2-entrust\migrations\m170223_121045_create_entrust_tables.php:18
Stack trace:
#0 C:\xampp\htdocs\panio\vendor\yiisoft\yii2\base\BaseObject.php(109): m170223_121045_create_entrust_tables->init()
#1 [internal function]: yii\base\BaseObject->__construct(Array)
#2 C:\xampp\htdocs\panio\vendor\yiisoft\yii2\di\Container.php(383): ReflectionClass->newInstanceArgs(Array)
#3 C:\xampp\htdocs\panio\vendor\yiisoft\yii2\di\Container.php(156): yii\di\Container->build('m170223_121045_...', Array, Array)
#4 C:\xampp\htdocs\panio\vendor\yiisoft\yii2\BaseYii.php(349): yii\di\Container->get('m170223_121045_...', Array, Array)
#5 C:\xampp\htdocs\panio\vendor\yiisoft\yii2\console\controllers\MigrateController.php(201): yii\BaseYii::createObject(Array)
#6 C:\xampp\htdocs\panio\vendor\yiisoft\yii2\console\controllers\BaseMigrateController.php(724): yii\console\controllers\MigrateController->createMigration('m170223_121045_...')
#7 C:\xampp\htdocs\panio\vendor\yiisoft\yii2\console\controllers\BaseMigrateController.php(199): yii\console\controllers\BaseMigrateController->migrateUp('m170223_121045_...')
#8 [internal function]: yii\console\controllers\BaseMigrateController->actionUp(0)
#9 C:\xampp\htdocs\panio\vendor\yiisoft\yii2\base\InlineAction.php(57): call_user_func_array(Array, Array)
#10 C:\xampp\htdocs\panio\vendor\yiisoft\yii2\base\Controller.php(157): yii\base\InlineAction->runWithParams(Array)
#11 C:\xampp\htdocs\panio\vendor\yiisoft\yii2\console\Controller.php(148): yii\base\Controller->runAction('up', Array)
#12 C:\xampp\htdocs\panio\vendor\yiisoft\yii2\base\Module.php(528): yii\console\Controller->runAction('up', Array)
#13 C:\xampp\htdocs\panio\vendor\yiisoft\yii2\console\Application.php(180): yii\base\Module->runAction('migrate/up', Array)
#14 C:\xampp\htdocs\panio\vendor\yiisoft\yii2\console\Application.php(147): yii\console\Application->runAction('migrate/up', Array)
#15 C:\xampp\htdocs\panio\vendor\yiisoft\yii2\base\Application.php(386): yii\console\Application->handleRequest(Object(yii\console\Request))
#16 C:\xampp\htdocs\panio\yii(23): yii\base\Application->run()
#17 {main}
2018-05-14 18:18:29 [-][-][-][info][application] $_GET = []

$_POST = []

$_FILES = []

$_COOKIE = []

$_SERVER = [
    'ALLUSERSPROFILE' => 'C:\\ProgramData'
    'APPDATA' => 'C:\\Users\\mati\\AppData\\Roaming'
    'CommonProgramFiles' => 'C:\\Program Files (x86)\\Common Files'
    'CommonProgramFiles(x86)' => 'C:\\Program Files (x86)\\Common Files'
    'CommonProgramW6432' => 'C:\\Program Files\\Common Files'
    'COMPUTERNAME' => 'MATI-PC'
    'ComSpec' => 'C:\\WINDOWS\\system32\\cmd.exe'
    'FP_NO_HOST_CHECK' => 'NO'
    'HOMEDRIVE' => 'C:'
    'HOMEPATH' => '\\Users\\mati'
    'LOCALAPPDATA' => 'C:\\Users\\mati\\AppData\\Local'
    'LOGONSERVER' => '\\\\MATI-PC'
    'NUMBER_OF_PROCESSORS' => '4'
    'OneDrive' => 'C:\\Users\\mati\\OneDrive'
    'OS' => 'Windows_NT'
    'Path' => 'C:\\Program Files (x86)\\Intel\\iCLS Client\\;C:\\Program Files\\Intel\\iCLS Client\\;C:\\WINDOWS\\system32;C:\\WINDOWS;C:\\WINDOWS\\System32\\Wbem;C:\\WINDOWS\\System32\\WindowsPowerShell\\v1.0\\;C:\\Program Files (x86)\\Intel\\UCRT\\;C:\\Program Files\\Intel\\UCRT\\;C:\\Program Files (x86)\\Intel\\Intel(R) Management Engine Components\\DAL;C:\\Program Files\\Intel\\Intel(R) Management Engine Components\\DAL;C:\\Program Files (x86)\\Intel\\Intel(R) Management Engine Components\\IPT;C:\\Program Files\\Intel\\Intel(R) Management Engine Components\\IPT;C:\\Program Files\\Intel\\WiFi\\bin\\;C:\\Program Files\\Common Files\\Intel\\WirelessCommon\\;C:\\xampp\\php;C:\\ProgramData\\ComposerSetup\\bin;C:\\Users\\mati\\AppData\\Local\\Microsoft\\WindowsApps;C:\\Users\\mati\\AppData\\Roaming\\Composer\\vendor\\bin'
    'PATHEXT' => '.COM;.EXE;.BAT;.CMD;.VBS;.VBE;.JS;.JSE;.WSF;.WSH;.MSC'
    'PROCESSOR_ARCHITECTURE' => 'x86'
    'PROCESSOR_ARCHITEW6432' => 'AMD64'
    'PROCESSOR_IDENTIFIER' => 'Intel64 Family 6 Model 60 Stepping 3, GenuineIntel'
    'PROCESSOR_LEVEL' => '6'
    'PROCESSOR_REVISION' => '3c03'
    'ProgramData' => 'C:\\ProgramData'
    'ProgramFiles' => 'C:\\Program Files (x86)'
    'ProgramFiles(x86)' => 'C:\\Program Files (x86)'
    'ProgramW6432' => 'C:\\Program Files'
    'PROMPT' => '$P$G'
    'PSModulePath' => 'C:\\WINDOWS\\system32\\WindowsPowerShell\\v1.0\\Modules\\;C:\\Program Files\\Intel\\'
    'PUBLIC' => 'C:\\Users\\Public'
    'SESSIONNAME' => 'Console'
    'SystemDrive' => 'C:'
    'SystemRoot' => 'C:\\WINDOWS'
    'TEMP' => 'C:\\Users\\mati\\AppData\\Local\\Temp'
    'TMP' => 'C:\\Users\\mati\\AppData\\Local\\Temp'
    'USERDOMAIN' => 'mati-PC'
    'USERDOMAIN_ROAMINGPROFILE' => 'mati-PC'
    'USERNAME' => 'mati'
    'USERPROFILE' => 'C:\\Users\\mati'
    'windir' => 'C:\\WINDOWS'
    'windows_tracing_flags' => '3'
    'windows_tracing_logfile' => 'C:\\BVTBin\\Tests\\installpackage\\csilogfile.log'
    'PHP_SELF' => 'yii'
    'SCRIPT_NAME' => 'yii'
    'SCRIPT_FILENAME' => 'yii'
    'PATH_TRANSLATED' => 'yii'
    'DOCUMENT_ROOT' => ''
    'REQUEST_TIME_FLOAT' => 1526314709.616
    'REQUEST_TIME' => 1526314709
    'argv' => [
        0 => 'yii'
        1 => 'migrate/up'
        2 => '--migrationPath=@vendor/vmorozov/yii2-entrust/migrations'
    ]
    'argc' => 3
]
2018-05-14 18:19:46 [-][-][-][error][Error] Error: Class 'app\models\User' not found in C:\xampp\htdocs\panio\vendor\vmorozov\yii2-entrust\migrations\m170223_121045_create_entrust_tables.php:18
Stack trace:
#0 C:\xampp\htdocs\panio\vendor\yiisoft\yii2\base\BaseObject.php(109): m170223_121045_create_entrust_tables->init()
#1 [internal function]: yii\base\BaseObject->__construct(Array)
#2 C:\xampp\htdocs\panio\vendor\yiisoft\yii2\di\Container.php(383): ReflectionClass->newInstanceArgs(Array)
#3 C:\xampp\htdocs\panio\vendor\yiisoft\yii2\di\Container.php(156): yii\di\Container->build('m170223_121045_...', Array, Array)
#4 C:\xampp\htdocs\panio\vendor\yiisoft\yii2\BaseYii.php(349): yii\di\Container->get('m170223_121045_...', Array, Array)
#5 C:\xampp\htdocs\panio\vendor\yiisoft\yii2\console\controllers\MigrateController.php(201): yii\BaseYii::createObject(Array)
#6 C:\xampp\htdocs\panio\vendor\yiisoft\yii2\console\controllers\BaseMigrateController.php(724): yii\console\controllers\MigrateController->createMigration('m170223_121045_...')
#7 C:\xampp\htdocs\panio\vendor\yiisoft\yii2\console\controllers\BaseMigrateController.php(199): yii\console\controllers\BaseMigrateController->migrateUp('m170223_121045_...')
#8 [internal function]: yii\console\controllers\BaseMigrateController->actionUp(0)
#9 C:\xampp\htdocs\panio\vendor\yiisoft\yii2\base\InlineAction.php(57): call_user_func_array(Array, Array)
#10 C:\xampp\htdocs\panio\vendor\yiisoft\yii2\base\Controller.php(157): yii\base\InlineAction->runWithParams(Array)
#11 C:\xampp\htdocs\panio\vendor\yiisoft\yii2\console\Controller.php(148): yii\base\Controller->runAction('up', Array)
#12 C:\xampp\htdocs\panio\vendor\yiisoft\yii2\base\Module.php(528): yii\console\Controller->runAction('up', Array)
#13 C:\xampp\htdocs\panio\vendor\yiisoft\yii2\console\Application.php(180): yii\base\Module->runAction('migrate/up', Array)
#14 C:\xampp\htdocs\panio\vendor\yiisoft\yii2\console\Application.php(147): yii\console\Application->runAction('migrate/up', Array)
#15 C:\xampp\htdocs\panio\vendor\yiisoft\yii2\base\Application.php(386): yii\console\Application->handleRequest(Object(yii\console\Request))
#16 C:\xampp\htdocs\panio\yii(23): yii\base\Application->run()
#17 {main}
2018-05-14 18:19:44 [-][-][-][info][application] $_GET = []

$_POST = []

$_FILES = []

$_COOKIE = []

$_SERVER = [
    'ALLUSERSPROFILE' => 'C:\\ProgramData'
    'APPDATA' => 'C:\\Users\\mati\\AppData\\Roaming'
    'CommonProgramFiles' => 'C:\\Program Files (x86)\\Common Files'
    'CommonProgramFiles(x86)' => 'C:\\Program Files (x86)\\Common Files'
    'CommonProgramW6432' => 'C:\\Program Files\\Common Files'
    'COMPUTERNAME' => 'MATI-PC'
    'ComSpec' => 'C:\\WINDOWS\\system32\\cmd.exe'
    'FP_NO_HOST_CHECK' => 'NO'
    'HOMEDRIVE' => 'C:'
    'HOMEPATH' => '\\Users\\mati'
    'LOCALAPPDATA' => 'C:\\Users\\mati\\AppData\\Local'
    'LOGONSERVER' => '\\\\MATI-PC'
    'NUMBER_OF_PROCESSORS' => '4'
    'OneDrive' => 'C:\\Users\\mati\\OneDrive'
    'OS' => 'Windows_NT'
    'Path' => 'C:\\Program Files (x86)\\Intel\\iCLS Client\\;C:\\Program Files\\Intel\\iCLS Client\\;C:\\WINDOWS\\system32;C:\\WINDOWS;C:\\WINDOWS\\System32\\Wbem;C:\\WINDOWS\\System32\\WindowsPowerShell\\v1.0\\;C:\\Program Files (x86)\\Intel\\UCRT\\;C:\\Program Files\\Intel\\UCRT\\;C:\\Program Files (x86)\\Intel\\Intel(R) Management Engine Components\\DAL;C:\\Program Files\\Intel\\Intel(R) Management Engine Components\\DAL;C:\\Program Files (x86)\\Intel\\Intel(R) Management Engine Components\\IPT;C:\\Program Files\\Intel\\Intel(R) Management Engine Components\\IPT;C:\\Program Files\\Intel\\WiFi\\bin\\;C:\\Program Files\\Common Files\\Intel\\WirelessCommon\\;C:\\xampp\\php;C:\\ProgramData\\ComposerSetup\\bin;C:\\Users\\mati\\AppData\\Local\\Microsoft\\WindowsApps;C:\\Users\\mati\\AppData\\Roaming\\Composer\\vendor\\bin'
    'PATHEXT' => '.COM;.EXE;.BAT;.CMD;.VBS;.VBE;.JS;.JSE;.WSF;.WSH;.MSC'
    'PROCESSOR_ARCHITECTURE' => 'x86'
    'PROCESSOR_ARCHITEW6432' => 'AMD64'
    'PROCESSOR_IDENTIFIER' => 'Intel64 Family 6 Model 60 Stepping 3, GenuineIntel'
    'PROCESSOR_LEVEL' => '6'
    'PROCESSOR_REVISION' => '3c03'
    'ProgramData' => 'C:\\ProgramData'
    'ProgramFiles' => 'C:\\Program Files (x86)'
    'ProgramFiles(x86)' => 'C:\\Program Files (x86)'
    'ProgramW6432' => 'C:\\Program Files'
    'PROMPT' => '$P$G'
    'PSModulePath' => 'C:\\WINDOWS\\system32\\WindowsPowerShell\\v1.0\\Modules\\;C:\\Program Files\\Intel\\'
    'PUBLIC' => 'C:\\Users\\Public'
    'SESSIONNAME' => 'Console'
    'SystemDrive' => 'C:'
    'SystemRoot' => 'C:\\WINDOWS'
    'TEMP' => 'C:\\Users\\mati\\AppData\\Local\\Temp'
    'TMP' => 'C:\\Users\\mati\\AppData\\Local\\Temp'
    'USERDOMAIN' => 'mati-PC'
    'USERDOMAIN_ROAMINGPROFILE' => 'mati-PC'
    'USERNAME' => 'mati'
    'USERPROFILE' => 'C:\\Users\\mati'
    'windir' => 'C:\\WINDOWS'
    'windows_tracing_flags' => '3'
    'windows_tracing_logfile' => 'C:\\BVTBin\\Tests\\installpackage\\csilogfile.log'
    'PHP_SELF' => 'yii'
    'SCRIPT_NAME' => 'yii'
    'SCRIPT_FILENAME' => 'yii'
    'PATH_TRANSLATED' => 'yii'
    'DOCUMENT_ROOT' => ''
    'REQUEST_TIME_FLOAT' => 1526314784.4475
    'REQUEST_TIME' => 1526314784
    'argv' => [
        0 => 'yii'
        1 => 'migrate/up'
        2 => '--migrationPath=@vendor/vmorozov/yii2-entrust/migrations'
    ]
    'argc' => 3
]
2018-10-06 00:39:13 [-][-][-][error][yii\db\Exception] PDOException: SQLSTATE[08006] [7] FATAL:  database "stelara" does not exist in C:\xampp\htdocs\postgrestry\Stelara\vendor\yiisoft\yii2\db\Connection.php:687
Stack trace:
#0 C:\xampp\htdocs\postgrestry\Stelara\vendor\yiisoft\yii2\db\Connection.php(687): PDO->__construct('pgsql:host=loca...', 'postgres', 'postgres', NULL)
#1 C:\xampp\htdocs\postgrestry\Stelara\vendor\yiisoft\yii2\db\Connection.php(613): yii\db\Connection->createPdoInstance()
#2 C:\xampp\htdocs\postgrestry\Stelara\vendor\yiisoft\yii2\db\Connection.php(996): yii\db\Connection->open()
#3 C:\xampp\htdocs\postgrestry\Stelara\vendor\yiisoft\yii2\db\Connection.php(983): yii\db\Connection->getMasterPdo()
#4 C:\xampp\htdocs\postgrestry\Stelara\vendor\yiisoft\yii2\db\Schema.php(463): yii\db\Connection->getSlavePdo()
#5 C:\xampp\htdocs\postgrestry\Stelara\vendor\yiisoft\yii2\db\Connection.php(881): yii\db\Schema->quoteValue('migration')
#6 C:\xampp\htdocs\postgrestry\Stelara\vendor\yiisoft\yii2\db\pgsql\Schema.php(464): yii\db\Connection->quoteValue('migration')
#7 C:\xampp\htdocs\postgrestry\Stelara\vendor\yiisoft\yii2\db\pgsql\Schema.php(192): yii\db\pgsql\Schema->findColumns(Object(yii\db\TableSchema))
#8 C:\xampp\htdocs\postgrestry\Stelara\vendor\yiisoft\yii2\db\Schema.php(744): yii\db\pgsql\Schema->loadTableSchema('migration')
#9 C:\xampp\htdocs\postgrestry\Stelara\vendor\yiisoft\yii2\db\Schema.php(194): yii\db\Schema->getTableMetadata('{{%migration}}', 'schema', true)
#10 C:\xampp\htdocs\postgrestry\Stelara\vendor\yiisoft\yii2\console\controllers\MigrateController.php(210): yii\db\Schema->getTableSchema('{{%migration}}', true)
#11 C:\xampp\htdocs\postgrestry\Stelara\vendor\yiisoft\yii2\console\controllers\BaseMigrateController.php(875): yii\console\controllers\MigrateController->getMigrationHistory(NULL)
#12 C:\xampp\htdocs\postgrestry\Stelara\vendor\yiisoft\yii2\console\controllers\BaseMigrateController.php(166): yii\console\controllers\BaseMigrateController->getNewMigrations()
#13 [internal function]: yii\console\controllers\BaseMigrateController->actionUp(0)
#14 C:\xampp\htdocs\postgrestry\Stelara\vendor\yiisoft\yii2\base\InlineAction.php(57): call_user_func_array(Array, Array)
#15 C:\xampp\htdocs\postgrestry\Stelara\vendor\yiisoft\yii2\base\Controller.php(157): yii\base\InlineAction->runWithParams(Array)
#16 C:\xampp\htdocs\postgrestry\Stelara\vendor\yiisoft\yii2\console\Controller.php(148): yii\base\Controller->runAction('', Array)
#17 C:\xampp\htdocs\postgrestry\Stelara\vendor\yiisoft\yii2\base\Module.php(528): yii\console\Controller->runAction('', Array)
#18 C:\xampp\htdocs\postgrestry\Stelara\vendor\yiisoft\yii2\console\Application.php(180): yii\base\Module->runAction('migrate', Array)
#19 C:\xampp\htdocs\postgrestry\Stelara\vendor\yiisoft\yii2\console\Application.php(147): yii\console\Application->runAction('migrate', Array)
#20 C:\xampp\htdocs\postgrestry\Stelara\vendor\yiisoft\yii2\base\Application.php(386): yii\console\Application->handleRequest(Object(yii\console\Request))
#21 C:\xampp\htdocs\postgrestry\Stelara\yii(23): yii\base\Application->run()
#22 {main}

Next yii\db\Exception: SQLSTATE[08006] [7] FATAL:  database "stelara" does not exist in C:\xampp\htdocs\postgrestry\Stelara\vendor\yiisoft\yii2\db\Connection.php:624
Stack trace:
#0 C:\xampp\htdocs\postgrestry\Stelara\vendor\yiisoft\yii2\db\Connection.php(996): yii\db\Connection->open()
#1 C:\xampp\htdocs\postgrestry\Stelara\vendor\yiisoft\yii2\db\Connection.php(983): yii\db\Connection->getMasterPdo()
#2 C:\xampp\htdocs\postgrestry\Stelara\vendor\yiisoft\yii2\db\Schema.php(463): yii\db\Connection->getSlavePdo()
#3 C:\xampp\htdocs\postgrestry\Stelara\vendor\yiisoft\yii2\db\Connection.php(881): yii\db\Schema->quoteValue('migration')
#4 C:\xampp\htdocs\postgrestry\Stelara\vendor\yiisoft\yii2\db\pgsql\Schema.php(464): yii\db\Connection->quoteValue('migration')
#5 C:\xampp\htdocs\postgrestry\Stelara\vendor\yiisoft\yii2\db\pgsql\Schema.php(192): yii\db\pgsql\Schema->findColumns(Object(yii\db\TableSchema))
#6 C:\xampp\htdocs\postgrestry\Stelara\vendor\yiisoft\yii2\db\Schema.php(744): yii\db\pgsql\Schema->loadTableSchema('migration')
#7 C:\xampp\htdocs\postgrestry\Stelara\vendor\yiisoft\yii2\db\Schema.php(194): yii\db\Schema->getTableMetadata('{{%migration}}', 'schema', true)
#8 C:\xampp\htdocs\postgrestry\Stelara\vendor\yiisoft\yii2\console\controllers\MigrateController.php(210): yii\db\Schema->getTableSchema('{{%migration}}', true)
#9 C:\xampp\htdocs\postgrestry\Stelara\vendor\yiisoft\yii2\console\controllers\BaseMigrateController.php(875): yii\console\controllers\MigrateController->getMigrationHistory(NULL)
#10 C:\xampp\htdocs\postgrestry\Stelara\vendor\yiisoft\yii2\console\controllers\BaseMigrateController.php(166): yii\console\controllers\BaseMigrateController->getNewMigrations()
#11 [internal function]: yii\console\controllers\BaseMigrateController->actionUp(0)
#12 C:\xampp\htdocs\postgrestry\Stelara\vendor\yiisoft\yii2\base\InlineAction.php(57): call_user_func_array(Array, Array)
#13 C:\xampp\htdocs\postgrestry\Stelara\vendor\yiisoft\yii2\base\Controller.php(157): yii\base\InlineAction->runWithParams(Array)
#14 C:\xampp\htdocs\postgrestry\Stelara\vendor\yiisoft\yii2\console\Controller.php(148): yii\base\Controller->runAction('', Array)
#15 C:\xampp\htdocs\postgrestry\Stelara\vendor\yiisoft\yii2\base\Module.php(528): yii\console\Controller->runAction('', Array)
#16 C:\xampp\htdocs\postgrestry\Stelara\vendor\yiisoft\yii2\console\Application.php(180): yii\base\Module->runAction('migrate', Array)
#17 C:\xampp\htdocs\postgrestry\Stelara\vendor\yiisoft\yii2\console\Application.php(147): yii\console\Application->runAction('migrate', Array)
#18 C:\xampp\htdocs\postgrestry\Stelara\vendor\yiisoft\yii2\base\Application.php(386): yii\console\Application->handleRequest(Object(yii\console\Request))
#19 C:\xampp\htdocs\postgrestry\Stelara\yii(23): yii\base\Application->run()
#20 {main}
Additional Information:

2018-10-06 00:39:13 [-][-][-][info][application] $_GET = []

$_POST = []

$_FILES = []

$_COOKIE = []

$_SERVER = [
    'ALLUSERSPROFILE' => 'C:\\ProgramData'
    'ANDROID_HOME' => 'C:\\ANDROID_SDK'
    'APPDATA' => 'C:\\Users\\mati\\AppData\\Roaming'
    'CommonProgramFiles' => 'C:\\Program Files (x86)\\Common Files'
    'CommonProgramFiles(x86)' => 'C:\\Program Files (x86)\\Common Files'
    'CommonProgramW6432' => 'C:\\Program Files\\Common Files'
    'COMPUTERNAME' => 'MATI-PC'
    'ComSpec' => 'C:\\WINDOWS\\system32\\cmd.exe'
    'DriverData' => 'C:\\Windows\\System32\\Drivers\\DriverData'
    'FSHARPINSTALLDIR' => 'C:\\Program Files (x86)\\Microsoft SDKs\\F#\\10.1\\Framework\\v4.0\\'
    'HOMEDRIVE' => 'C:'
    'HOMEPATH' => '\\Users\\mati'
    'JAVA_HOME' => 'C:\\Program Files (x86)\\Java\\jdk1.8.0_172'
    'LOCALAPPDATA' => 'C:\\Users\\mati\\AppData\\Local'
    'LOGONSERVER' => '\\\\MATI-PC'
    'MSMPI_BIN' => 'C:\\Program Files\\Microsoft MPI\\Bin\\'
    'NUMBER_OF_PROCESSORS' => '4'
    'OneDrive' => 'C:\\Users\\mati\\OneDrive'
    'OS' => 'Windows_NT'
    'Path' => 'C:\\Program Files (x86)\\Common Files\\Oracle\\Java\\javapath;C:\\Program Files\\Microsoft MPI\\Bin\\;C:\\WINDOWS\\system32;C:\\WINDOWS;C:\\WINDOWS\\System32\\Wbem;C:\\WINDOWS\\System32\\WindowsPowerShell\\v1.0\\;C:\\xampp\\php;C:\\composer;C:\\Program Files\\dotnet\\;C:\\Program Files\\Microsoft SQL Server\\130\\Tools\\Binn\\;C:\\Program Files\\Git\\cmd;C:\\Program Files (x86)\\Microsoft SQL Server\\140\\Tools\\Binn\\;C:\\Program Files\\Microsoft SQL Server\\140\\Tools\\Binn\\;C:\\Program Files (x86)\\Microsoft SQL Server\\140\\DTS\\Binn\\;C:\\Program Files\\Microsoft SQL Server\\140\\DTS\\Binn\\;C:\\Program Files\\Microsoft SQL Server\\Client SDK\\ODBC\\130\\Tools\\Binn\\;C:\\Program Files (x86)\\Microsoft SQL Server\\Client SDK\\ODBC\\130\\Tools\\Binn\\;C:\\Program Files (x86)\\Microsoft SQL Server\\140\\Tools\\Binn\\ManagementStudio\\;C:\\Program Files\\PuTTY\\;C:\\WINDOWS\\System32\\OpenSSH\\;\"C:\\Program Files\\Java\\jre6\\bin;F:\\JDK\\bin;\";\"C:\\ProgramFiles\\Java\\jdk1.8.0_60\\bin;C:\\ProgramFiles\\nodejs;C:\\Gradle\\gradle-4.0\\bin;C:\\ANDROID_SDK\\tools;C:\\WINDOWS\\system32; C:\\WINDOWS; C:\\WINDOWS\\System32\\Wbem;C:\\WINDOWS\\system32; C:\\WINDOWS; C:\\WINDOWS\\System32\\Wbem;\";C:\\Program Files\\nodejs\\;C:\\Users\\TuUsuario\\AppData\\Roaming\\npm;angular-cli\\bin;;C:\\PostgreSQL\\pg10\\bin;C:\\Ruby24-x64\\bin;C:\\Users\\mati\\AppData\\Local\\Microsoft\\WindowsApps;C:\\Users\\mati\\AppData\\Roaming\\Composer\\vendor\\bin;C:\\Gradle\\gradle-4.8.1\\bin;\"C:\\Ruby23\\bin;C:\\Users\\kumar\\AppData\\Roaming\\npm;C:\\ANDROID_SDK\\tools;%SystemRo\";C:\\Users\\mati\\AppData\\Roaming\\npm'
    'PATHEXT' => '.COM;.EXE;.BAT;.CMD;.VBS;.VBE;.JS;.JSE;.WSF;.WSH;.MSC;.RB;.RBW'
    'PHP_COMMAND' => 'php.exe'
    'PROCESSOR_ARCHITECTURE' => 'x86'
    'PROCESSOR_ARCHITEW6432' => 'AMD64'
    'PROCESSOR_IDENTIFIER' => 'Intel64 Family 6 Model 60 Stepping 3, GenuineIntel'
    'PROCESSOR_LEVEL' => '6'
    'PROCESSOR_REVISION' => '3c03'
    'ProgramData' => 'C:\\ProgramData'
    'ProgramFiles' => 'C:\\Program Files (x86)'
    'ProgramFiles(x86)' => 'C:\\Program Files (x86)'
    'ProgramW6432' => 'C:\\Program Files'
    'PROMPT' => '$P$G'
    'PSModulePath' => 'C:\\Program Files\\WindowsPowerShell\\Modules;C:\\WINDOWS\\system32\\WindowsPowerShell\\v1.0\\Modules;C:\\Program Files (x86)\\Microsoft SQL Server\\140\\Tools\\PowerShell\\Modules\\'
    'PUBLIC' => 'C:\\Users\\Public'
    'SESSIONNAME' => 'Console'
    'SystemDrive' => 'C:'
    'SystemRoot' => 'C:\\WINDOWS'
    'TEMP' => 'C:\\Users\\mati\\AppData\\Local\\Temp'
    'TMP' => 'C:\\Users\\mati\\AppData\\Local\\Temp'
    'USERDOMAIN' => 'mati-PC'
    'USERDOMAIN_ROAMINGPROFILE' => 'mati-PC'
    'USERNAME' => 'mati'
    'USERPROFILE' => 'C:\\Users\\mati'
    'windir' => 'C:\\WINDOWS'
    'YII_PATH' => 'C:\\xampp\\htdocs\\postgrestry\\Stelara\\'
    '_JAVA_OPTIONS' => '-Xmx512M'
    'PHP_SELF' => 'C:\\xampp\\htdocs\\postgrestry\\Stelara\\yii'
    'SCRIPT_NAME' => 'C:\\xampp\\htdocs\\postgrestry\\Stelara\\yii'
    'SCRIPT_FILENAME' => 'C:\\xampp\\htdocs\\postgrestry\\Stelara\\yii'
    'PATH_TRANSLATED' => 'C:\\xampp\\htdocs\\postgrestry\\Stelara\\yii'
    'DOCUMENT_ROOT' => ''
    'REQUEST_TIME_FLOAT' => 1538779153.3127
    'REQUEST_TIME' => 1538779153
    'argv' => [
        0 => 'C:\\xampp\\htdocs\\postgrestry\\Stelara\\yii'
        1 => 'migrate'
    ]
    'argc' => 2
]
